<?xml version="1.0" encoding="UTF-8"?>
<!-- Generated by org.testng.reporters.JUnitXMLReporter -->
<testsuite hostname="DESKTOP-47K03DD" ignored="0" name="Default test" tests="21" failures="0" timestamp="05 Aug 2018 16:51:25 GMT" time="101.449" errors="0">
  <testcase name="verifyTittleOfWebSite" time="0.039" classname="com.qa.test.script.TestScript"/>
  <testcase name="verifyBookTittle" time="9.455" classname="com.qa.test.script.TestScript"/>
  <testcase name="paperType" time="3.963" classname="com.qa.test.script.TestScript"/>
  <testcase name="OfferPricePaperback" time="3.304" classname="com.qa.test.script.TestScript"/>
  <testcase name="ActualPricePaperback" time="3.402" classname="com.qa.test.script.TestScript"/>
  <testcase name="hardcoverPaper" time="3.468" classname="com.qa.test.script.TestScript"/>
  <testcase name="publisher" time="3.057" classname="com.qa.test.script.TestScript"/>
  <testcase name="hardcoverPaperPrice" time="4.026" classname="com.qa.test.script.TestScript"/>
  <testcase name="FirstAuthorName" time="3.214" classname="com.qa.test.script.TestScript"/>
  <testcase name="PaperbackPages" time="3.504" classname="com.qa.test.script.TestScript"/>
  <testcase name="publisherNameAndDate" time="3.431" classname="com.qa.test.script.TestScript"/>
  <testcase name="language" time="3.525" classname="com.qa.test.script.TestScript"/>
  <testcase name="iSBNTen" time="3.104" classname="com.qa.test.script.TestScript"/>
  <testcase name="ISBN13" time="3.172" classname="com.qa.test.script.TestScript"/>
  <testcase name="productDimensions" time="3.411" classname="com.qa.test.script.TestScript"/>
  <testcase name="PaperbackHardCoverPages" time="3.467" classname="com.qa.test.script.TestScript"/>
  <testcase name="publisherNameAndDateHardcover" time="3.485" classname="com.qa.test.script.TestScript"/>
  <testcase name="languageHardCover" time="3.377" classname="com.qa.test.script.TestScript"/>
  <testcase name="iSBNTenHardCover" time="3.505" classname="com.qa.test.script.TestScript"/>
  <testcase name="ISBN13HardCover" time="3.961" classname="com.qa.test.script.TestScript"/>
  <testcase name="productDimensionsHardCover" time="3.524" classname="com.qa.test.script.TestScript"/>
</testsuite> <!-- Default test -->
