<?xml version="1.0" encoding="UTF-8"?>
<!-- Generated by org.testng.reporters.JUnitXMLReporter -->
<testsuite hostname="DESKTOP-47K03DD" ignored="0" name="Default test" tests="21" failures="0" timestamp="16 Aug 2018 17:39:30 GMT" time="18.241" errors="0">
  <testcase name="@BeforeTest setUp" time="17.948" classname="com.qa.test.script.TestScript">
    <failure type="java.lang.Error" message="Unresolved compilation problems: 
	The import com.qa.test.script.BaseClass cannot be resolved
	BaseClass cannot be resolved to a type
">
      <![CDATA[java.lang.Error: Unresolved compilation problems: 
The import com.qa.test.script.BaseClass cannot be resolved
BaseClass cannot be resolved to a type

at com.qa.pages.HomePage.<init>(HomePage.java:9)
at com.qa.test.script.TestScript.setUp(TestScript.java:109)
at sun.reflect.NativeMethodAccessorImpl.invoke0(Native Method)
at sun.reflect.NativeMethodAccessorImpl.invoke(Unknown Source)
at sun.reflect.DelegatingMethodAccessorImpl.invoke(Unknown Source)
at java.lang.reflect.Method.invoke(Unknown Source)
at org.testng.internal.MethodInvocationHelper.invokeMethod(MethodInvocationHelper.java:124)
at org.testng.internal.MethodInvocationHelper.invokeMethodConsideringTimeout(MethodInvocationHelper.java:59)
at org.testng.internal.Invoker.invokeConfigurationMethod(Invoker.java:455)
at org.testng.internal.Invoker.invokeConfigurations(Invoker.java:222)
at org.testng.internal.Invoker.invokeConfigurations(Invoker.java:142)
at org.testng.TestRunner.beforeRun(TestRunner.java:529)
at org.testng.TestRunner.run(TestRunner.java:497)
at org.testng.SuiteRunner.runTest(SuiteRunner.java:455)
at org.testng.SuiteRunner.runSequentially(SuiteRunner.java:450)
at org.testng.SuiteRunner.privateRun(SuiteRunner.java:415)
at org.testng.SuiteRunner.run(SuiteRunner.java:364)
at org.testng.SuiteRunnerWorker.runSuite(SuiteRunnerWorker.java:52)
at org.testng.SuiteRunnerWorker.run(SuiteRunnerWorker.java:84)
at org.testng.TestNG.runSuitesSequentially(TestNG.java:1208)
at org.testng.TestNG.runSuitesLocally(TestNG.java:1137)
at org.testng.TestNG.runSuites(TestNG.java:1049)
at org.testng.TestNG.run(TestNG.java:1017)
at org.testng.remote.AbstractRemoteTestNG.run(AbstractRemoteTestNG.java:114)
at org.testng.remote.RemoteTestNG.initAndRun(RemoteTestNG.java:251)
at org.testng.remote.RemoteTestNG.main(RemoteTestNG.java:77)
]]>
    </failure>
  </testcase> <!-- @BeforeTest setUp -->
  <testcase name="@AfterTest closeBroswer" time="0.0" classname="com.qa.test.script.TestScript">
    <skipped/>
  </testcase> <!-- @AfterTest closeBroswer -->
  <testcase name="verifyTittleOfWebSite" time="0.0" classname="com.qa.test.script.TestScript">
    <skipped/>
  </testcase> <!-- verifyTittleOfWebSite -->
  <testcase name="verifyBookTittle" time="0.0" classname="com.qa.test.script.TestScript">
    <skipped/>
  </testcase> <!-- verifyBookTittle -->
  <testcase name="paperType" time="0.007" classname="com.qa.test.script.TestScript">
    <skipped/>
  </testcase> <!-- paperType -->
  <testcase name="OfferPricePaperback" time="0.0" classname="com.qa.test.script.TestScript">
    <skipped/>
  </testcase> <!-- OfferPricePaperback -->
  <testcase name="ActualPricePaperback" time="0.0" classname="com.qa.test.script.TestScript">
    <skipped/>
  </testcase> <!-- ActualPricePaperback -->
  <testcase name="hardcoverPaper" time="0.0" classname="com.qa.test.script.TestScript">
    <skipped/>
  </testcase> <!-- hardcoverPaper -->
  <testcase name="publisher" time="0.0" classname="com.qa.test.script.TestScript">
    <skipped/>
  </testcase> <!-- publisher -->
  <testcase name="hardcoverPaperPrice" time="0.0" classname="com.qa.test.script.TestScript">
    <skipped/>
  </testcase> <!-- hardcoverPaperPrice -->
  <testcase name="FirstAuthorName" time="0.0" classname="com.qa.test.script.TestScript">
    <skipped/>
  </testcase> <!-- FirstAuthorName -->
  <testcase name="PaperbackPages" time="0.0" classname="com.qa.test.script.TestScript">
    <skipped/>
  </testcase> <!-- PaperbackPages -->
  <testcase name="publisherNameAndDate" time="0.0" classname="com.qa.test.script.TestScript">
    <skipped/>
  </testcase> <!-- publisherNameAndDate -->
  <testcase name="language" time="0.0" classname="com.qa.test.script.TestScript">
    <skipped/>
  </testcase> <!-- language -->
  <testcase name="iSBNTen" time="0.0" classname="com.qa.test.script.TestScript">
    <skipped/>
  </testcase> <!-- iSBNTen -->
  <testcase name="ISBN13" time="0.0" classname="com.qa.test.script.TestScript">
    <skipped/>
  </testcase> <!-- ISBN13 -->
  <testcase name="productDimensions" time="0.0" classname="com.qa.test.script.TestScript">
    <skipped/>
  </testcase> <!-- productDimensions -->
  <testcase name="PaperbackHardCoverPages" time="0.0" classname="com.qa.test.script.TestScript">
    <skipped/>
  </testcase> <!-- PaperbackHardCoverPages -->
  <testcase name="publisherNameAndDateHardcover" time="0.0" classname="com.qa.test.script.TestScript">
    <skipped/>
  </testcase> <!-- publisherNameAndDateHardcover -->
  <testcase name="languageHardCover" time="0.0" classname="com.qa.test.script.TestScript">
    <skipped/>
  </testcase> <!-- languageHardCover -->
  <testcase name="iSBNTenHardCover" time="0.0" classname="com.qa.test.script.TestScript">
    <skipped/>
  </testcase> <!-- iSBNTenHardCover -->
  <testcase name="ISBN13HardCover" time="0.0" classname="com.qa.test.script.TestScript">
    <skipped/>
  </testcase> <!-- ISBN13HardCover -->
  <testcase name="productDimensionsHardCover" time="0.0" classname="com.qa.test.script.TestScript">
    <skipped/>
  </testcase> <!-- productDimensionsHardCover -->
</testsuite> <!-- Default test -->
